
Index check --- triangular
      1.0000      2.0000      3.0000      4.0000      5.0000
                  6.0000      7.0000      8.0000      9.0000
                             10.0000     11.0000     12.0000
                                         13.0000     14.0000
                                                     15.0000

Matrix T --- triangular
      2.0000     -1.0000      2.0000      3.0000
                 -1.0000      0.0000      2.0000
                              3.0000      1.0000
                                         -1.0000

T-transpose T --- symmetric
      4.0000     -2.0000      4.0000      6.0000
                  2.0000     -2.0000     -5.0000
                             13.0000      9.0000
                                         15.0000

Cholesky factorization --- triangular
      2.0000     -1.0000      2.0000      3.0000
                  1.0000      0.0000     -2.0000
                              3.0000      1.0000
                                          1.0000
log determinant =      3.58352
Negative two log likelihood = 3.2160771.

Symmetric matrix --- symmetric
      5.0000     10.0000     16.0000     -7.0000
                 16.0000     19.0000      4.0000
                             28.0000      8.0000
                                        -19.0000
Matrix is not positive definite.

Modified Cholesky factorization --- triangular
      3.0237      3.3072      5.2915     -2.3150
                  2.2500      0.6667      5.1806
                              3.1742      5.2915
                                          8.8993

"Nearby" symmetric matrix --- symmetric
      9.1429     10.0000     16.0000     -7.0000
                 16.0000     19.0000      4.0000
                             38.5200      8.0000
                                        139.3951

Symmetric matrix --- symmetric
     23.0000     16.0000     22.0000     23.0000
                 18.0000     21.0000     14.0000
                             30.0000     18.0000
                                         31.0000

Cholesky factorization --- triangular
      4.7958      3.3362      4.5873      4.7958
                  2.6210      2.1731     -0.7631
                              2.0577     -1.1380
                                          2.4744

Solution
       2      -3       2       4

update_T test --- triangular
      2.0000      0.0000      0.0000      0.0000
                  2.0000     -0.0000      0.0000
                              2.0000     -0.0000
                                          2.0000

dampen test --- triangular
      2.2361      0.0000      0.0000      0.0000
                  2.2361     -0.0000      0.0000
                              2.2361     -0.0000
                                          2.2361

zero --- symmetric
      0.0000      0.0000      0.0000      0.0000
                  0.0000      0.0000      0.0000
                              0.0000      0.0000
                                          0.0000

update_S test --- symmetric
      4.0000      0.0000      0.0000      0.0000
                  4.0000      0.0000      0.0000
                              4.0000      0.0000
                                          4.0000

Near positive semi-definite matrix --- symmetric
    111.0000     23.0000    244.9997
                121.0000    167.0019
                            657.0026
modified

factored matrix --- triangular
     10.5357      2.1831     23.2543
                 10.7812     10.7814
                              0.1000

reconstructed --- symmetric
    111.0000     23.0000    244.9997
                121.0000    167.0019
                            657.0126
