
Adjoined all
      1.0000      1.0000      0.0000      0.0000      1.2000
      1.0000      1.0000      0.0000      0.0000      2.9000
      1.0000      1.0000      0.0000      0.0000      3.8000
      1.0000      0.0000      1.0000      0.0000      4.1000
      1.0000      0.0000      1.0000      0.0000      5.7000
      1.0000      0.0000      1.0000      0.0000      6.3000
      1.0000      0.0000      0.0000      1.0000      7.0000
      1.0000      0.0000      0.0000      1.0000      8.5000
      1.0000      0.0000      0.0000      1.0000      9.2000

Reduced adjoined matrix
     -3.0000     -1.0000     -1.0000     -1.0000    -16.2333
      0.0000     -1.4142      0.7071      0.7071      5.8926
      0.0000      0.0000      1.2247     -1.2247     -3.5109
      0.0000      0.0000      0.0000      0.0000      2.9326

(ones, ones)
     -3.0000

(ones, treat)
     -1.0000     -1.0000     -1.0000

(ones, Y)
    -16.2333

(treat, treat)
     -1.4142      0.7071      0.7071
      0.0000      1.2247     -1.2247

(treat, Y)
      5.8926
     -3.5109

(Y, Y)
      2.9326
