
Hald data
body
      7.0000     26.0000      6.0000     60.0000
      1.0000     29.0000     15.0000     52.0000
     11.0000     56.0000      8.0000     20.0000
     11.0000     31.0000      8.0000     47.0000
      7.0000     52.0000      6.0000     33.0000
     11.0000     55.0000      9.0000     22.0000
      3.0000     71.0000     17.0000      6.0000
      1.0000     31.0000     22.0000     44.0000
      2.0000     54.0000     18.0000     22.0000
     21.0000     47.0000      4.0000     26.0000
      1.0000     40.0000     23.0000     34.0000
     11.0000     66.0000      9.0000     12.0000
     10.0000     68.0000      8.0000     12.0000

X matrix
intercept | body
      1.0000      7.0000     26.0000      6.0000     60.0000
      1.0000      1.0000     29.0000     15.0000     52.0000
      1.0000     11.0000     56.0000      8.0000     20.0000
      1.0000     11.0000     31.0000      8.0000     47.0000
      1.0000      7.0000     52.0000      6.0000     33.0000
      1.0000     11.0000     55.0000      9.0000     22.0000
      1.0000      3.0000     71.0000     17.0000      6.0000
      1.0000      1.0000     31.0000     22.0000     44.0000
      1.0000      2.0000     54.0000     18.0000     22.0000
      1.0000     21.0000     47.0000      4.0000     26.0000
      1.0000      1.0000     40.0000     23.0000     34.0000
      1.0000     11.0000     66.0000      9.0000     12.0000
      1.0000     10.0000     68.0000      8.0000     12.0000

Echelon matrix
block(intercept | body,intercept | body)
     -3.6056    -26.9030   -173.6212    -42.4346   -108.1665
      0.0000      0.0000      0.0000    -22.1880     -1.7126
      0.0000      0.0000      0.0000      0.0000     57.9575

Y vector
Y
     78.5000
     74.3000
    104.3000
     87.6000
     95.9000
    109.2000
    102.7000
     72.5000
     93.1000
    115.9000
     83.8000
    113.3000
    109.4000

Yx and Yp
Y
   -264.3693
   -138.1068
     -6.9111
     63.0284
     69.3281
     67.9151
     29.5610
      6.0226
     25.9431
     91.2025
      8.9124
     66.4796
     65.4542
